<?xml version="1.0" encoding="UTF-8"?>
<testng-results skipped="0" failed="0" total="1" passed="1">
  <reporter-output>
  </reporter-output>
  <suite name="firstpackage.NewTest" duration-ms="17734" started-at="2020-01-12T06:19:37Z" finished-at="2020-01-12T06:19:54Z">
    <groups>
    </groups>
    <test name="Command line test" duration-ms="17734" started-at="2020-01-12T06:19:37Z" finished-at="2020-01-12T06:19:54Z">
      <class name="firstpackage.NewTest">
        <test-method status="PASS" signature="launchBrowser()[pri:0, instance:firstpackage.NewTest@566776ad]" name="launchBrowser" duration-ms="17717" started-at="2020-01-12T11:49:37Z" finished-at="2020-01-12T11:49:54Z">
          <reporter-output>
          </reporter-output>
        </test-method> <!-- launchBrowser -->
      </class> <!-- firstpackage.NewTest -->
    </test> <!-- Command line test -->
  </suite> <!-- firstpackage.NewTest -->
</testng-results>
