<?xml version="1.0" encoding="UTF-8"?>
<testng-results skipped="0" failed="0" ignored="0" total="1" passed="1">
  <reporter-output>
  </reporter-output>
  <suite name="Default suite" duration-ms="29997" started-at="2020-01-05T13:55:34 IST" finished-at="2020-01-05T13:56:04 IST">
    <groups>
    </groups>
    <test name="Default test" duration-ms="29997" started-at="2020-01-05T13:55:34 IST" finished-at="2020-01-05T13:56:04 IST">
      <class name="firstpackage.NewTest">
        <test-method status="PASS" signature="launchBrowser()[pri:0, instance:firstpackage.NewTest@6ebc05a6]" name="launchBrowser" duration-ms="29918" started-at="2020-01-05T13:55:34 IST" finished-at="2020-01-05T13:56:04 IST">
          <reporter-output>
          </reporter-output>
        </test-method> <!-- launchBrowser -->
      </class> <!-- firstpackage.NewTest -->
    </test> <!-- Default test -->
  </suite> <!-- Default suite -->
</testng-results>
